<?xml version="1.0" encoding="UTF-8"?>
<!-- Generated by org.testng.reporters.JUnitReportReporter -->
<testsuite skipped="0" hostname="sadhik" name="testNG.TestNGdemo" tests="2" failures="0" timestamp="12 Jul 2020 14:47:18 GMT" time="37.581" errors="0">
  <testcase name="TestExcecution" time="17.502" classname="testNG.TestNGdemo"/>
  <testcase name="TestExcecution2" time="20.079" classname="testNG.TestNGdemo"/>
</testsuite> <!-- testNG.TestNGdemo -->
