<?xml version="1.0" encoding="UTF-8"?>
<!-- Generated by org.testng.reporters.JUnitReportReporter -->
<testsuite skipped="0" hostname="sadhik" name="api.nTes" tests="1" failures="0" timestamp="12 Jul 2020 14:47:18 GMT" time="0.008" errors="0">
  <testcase name="abc" time="0.008" classname="api.nTes"/>
</testsuite> <!-- api.nTes -->
