<?xml version="1.0" encoding="UTF-8"?>
<!-- Generated by org.testng.reporters.JUnitReportReporter -->
<testsuite skipped="0" hostname="sadhik" name="api.GETExample" tests="1" failures="0" timestamp="05 Aug 2020 08:21:36 GMT" time="11.082" errors="0">
  <testcase name="GetAssetID" time="11.082" classname="api.GETExample"/>
</testsuite> <!-- api.GETExample -->
