<?xml version="1.0" encoding="UTF-8"?>
<!-- Generated by org.testng.reporters.JUnitReportReporter -->
<testsuite skipped="0" hostname="sadhik" name="api.PostExample" tests="1" failures="0" timestamp="13 Jul 2020 13:22:36 GMT" time="7.930" errors="0">
  <testcase name="GenerateAPIKey" time="7.930" classname="api.PostExample"/>
</testsuite> <!-- api.PostExample -->
