<?xml version="1.0" encoding="UTF-8"?>
<!-- Generated by org.testng.reporters.JUnitReportReporter -->
<testsuite skipped="0" hostname="sadhik" name="api.GETExample" tests="1" failures="0" timestamp="13 Jul 2020 14:08:18 GMT" time="9.622" errors="0">
  <testcase name="GetAssetID" time="9.622" classname="api.GETExample"/>
</testsuite> <!-- api.GETExample -->
